Using pre-set license

 COMMAND LINE ARGUMENTS:
/Applications/Unity/Hub/Editor/2020.3.0f1/Unity.app/Contents/MacOS/Unity
-adb2
-batchMode
-noUpm
-name
AssetImportWorker0
-projectPath
/Users/alberto/Desktop/Unity/Game1
-logFile
Logs/AssetImportWorker0.log
-srvPort
62553
Successfully changed project path to: /Users/alberto/Desktop/Unity/Game1
/Users/alberto/Desktop/Unity/Game1
Using Asset Import Pipeline V2.
Refreshing native plugins compatible for Editor in 19.80 ms, found 1 plugins.
Preloading 0 native plugins for Editor in 0.00 ms.
Initialize engine version: 2020.3.0f1 (c7b5465681fb)
[Subsystems] Discovering subsystems at path /Applications/Unity/Hub/Editor/2020.3.0f1/Unity.app/Contents/Resources/UnitySubsystems
[Subsystems] Discovering subsystems at path /Users/alberto/Desktop/Unity/Game1/Assets
GfxDevice: creating device client; threaded=0
2021-03-17 18:18:47.704 Unity[42335:2170566] C24F390 preferred device: AMD Radeon RX 580 (high power)
2021-03-17 18:18:47.704 Unity[42335:2170566] Metal devices available: 1
2021-03-17 18:18:47.704 Unity[42335:2170566] 0: AMD Radeon RX 580 (high power)
2021-03-17 18:18:47.704 Unity[42335:2170566] Using device AMD Radeon RX 580 (high power)
Initializing Metal device caps: AMD Radeon RX 580
Initialize mono
Mono path[0] = '/Applications/Unity/Hub/Editor/2020.3.0f1/Unity.app/Contents/Managed'
Mono path[1] = '/Applications/Unity/Hub/Editor/2020.3.0f1/Unity.app/Contents/MonoBleedingEdge/lib/mono/unityjit'
Mono config path = '/Applications/Unity/Hub/Editor/2020.3.0f1/Unity.app/Contents/MonoBleedingEdge/etc'
Using monoOptions --debugger-agent=transport=dt_socket,embedding=1,server=y,suspend=n,address=127.0.0.1:56335
Begin MonoManager ReloadAssembly
Registering precompiled unity dll's ...
Register platform support module: /Applications/Unity/Hub/Editor/2020.3.0f1/PlaybackEngines/WebGLSupport/UnityEditor.WebGL.Extensions.dll
Register platform support module: /Applications/Unity/Hub/Editor/2020.3.0f1/Unity.app/Contents/PlaybackEngines/MacStandaloneSupport/UnityEditor.OSXStandalone.Extensions.dll
Registered in 0.001925 seconds.
Native extension for OSXStandalone target not found
Native extension for WebGL target not found
Refreshing native plugins compatible for Editor in 19.58 ms, found 1 plugins.
Preloading 0 native plugins for Editor in 0.00 ms.
Invoked RoslynAnalysisRunner static constructor.
RoslynAnalysisRunner will not be running.
RoslynAnalysisRunner has terminated.
Mono: successfully reloaded assembly
- Completed reload, in  1.858 seconds
Platform modules already initialized, skipping
Registering precompiled user dll's ...
Registered in 0.000565 seconds.
Begin MonoManager ReloadAssembly
Native extension for OSXStandalone target not found
Native extension for WebGL target not found
Refreshing native plugins compatible for Editor in 0.18 ms, found 1 plugins.
Preloading 0 native plugins for Editor in 0.00 ms.
Invoked RoslynAnalysisRunner static constructor.
RoslynAnalysisRunner will not be running.
RoslynAnalysisRunner has terminated.
Mono: successfully reloaded assembly
- Completed reload, in  0.822 seconds
Platform modules already initialized, skipping
========================================================================
Worker process is ready to serve import requests
Launching external process: /Applications/Unity/Hub/Editor/2020.3.0f1/Unity.app/Contents/Tools/UnityShaderCompiler
Launched and connected shader compiler UnityShaderCompiler after 0.01 seconds
Refreshing native plugins compatible for Editor in 0.21 ms, found 1 plugins.
Preloading 0 native plugins for Editor in 0.00 ms.
Unloading 1260 Unused Serialized files (Serialized files now loaded: 0)
System memory in use before: 116.4 MB.
System memory in use after: 116.5 MB.

Unloading 11 unused Assets to reduce memory usage. Loaded Objects now: 1703.
Total: 1.488027 ms (FindLiveObjects: 0.156468 ms CreateObjectMapping: 0.042563 ms MarkObjects: 1.224375 ms  DeleteObjects: 0.063798 ms)

========================================================================
Received Import Request.
  path: Assets/WALLS.mat
  artifactKey: Guid(e7e94aebe88f747659dfe4ea9792ced7) Importer(815301076,1909f56bfc062723c751e8b465ee728b)
Start importing Assets/WALLS.mat using Guid(e7e94aebe88f747659dfe4ea9792ced7) Importer(815301076,1909f56bfc062723c751e8b465ee728b)  -> (artifact id: '57a52e070ae0a3609592116d9e920b9e') in 0.740906 seconds
  Import took 0.743019 seconds .

========================================================================
Received Prepare
Registering precompiled user dll's ...
Registered in 0.000300 seconds.
Begin MonoManager ReloadAssembly
Native extension for OSXStandalone target not found
Native extension for WebGL target not found
Refreshing native plugins compatible for Editor in 0.18 ms, found 1 plugins.
Preloading 0 native plugins for Editor in 0.00 ms.
Invoked RoslynAnalysisRunner static constructor.
RoslynAnalysisRunner will not be running.
RoslynAnalysisRunner has terminated.
Mono: successfully reloaded assembly
- Completed reload, in  0.732 seconds
Platform modules already initialized, skipping
Refreshing native plugins compatible for Editor in 0.18 ms, found 1 plugins.
Preloading 0 native plugins for Editor in 0.00 ms.
Unloading 1255 Unused Serialized files (Serialized files now loaded: 0)
System memory in use before: 124.6 MB.
System memory in use after: 124.7 MB.

Unloading 6 unused Assets to reduce memory usage. Loaded Objects now: 1747.
Total: 2.288961 ms (FindLiveObjects: 0.269605 ms CreateObjectMapping: 0.136001 ms MarkObjects: 1.834605 ms  DeleteObjects: 0.046299 ms)

========================================================================
Received Prepare
Registering precompiled user dll's ...
Registered in 0.000414 seconds.
Begin MonoManager ReloadAssembly
Native extension for OSXStandalone target not found
Native extension for WebGL target not found
Refreshing native plugins compatible for Editor in 0.18 ms, found 1 plugins.
Preloading 0 native plugins for Editor in 0.00 ms.
Invoked RoslynAnalysisRunner static constructor.
RoslynAnalysisRunner will not be running.
RoslynAnalysisRunner has terminated.
Mono: successfully reloaded assembly
- Completed reload, in  0.731 seconds
Platform modules already initialized, skipping
Refreshing native plugins compatible for Editor in 0.18 ms, found 1 plugins.
Preloading 0 native plugins for Editor in 0.00 ms.
Unloading 1254 Unused Serialized files (Serialized files now loaded: 0)
System memory in use before: 124.8 MB.
System memory in use after: 124.9 MB.

Unloading 6 unused Assets to reduce memory usage. Loaded Objects now: 1750.
Total: 1.314625 ms (FindLiveObjects: 0.127348 ms CreateObjectMapping: 0.035846 ms MarkObjects: 1.115324 ms  DeleteObjects: 0.035458 ms)

========================================================================
Received Prepare
Registering precompiled user dll's ...
Registered in 0.000586 seconds.
Begin MonoManager ReloadAssembly
Native extension for OSXStandalone target not found
Native extension for WebGL target not found
Refreshing native plugins compatible for Editor in 0.18 ms, found 1 plugins.
Preloading 0 native plugins for Editor in 0.00 ms.
Invoked RoslynAnalysisRunner static constructor.
RoslynAnalysisRunner will not be running.
RoslynAnalysisRunner has terminated.
Mono: successfully reloaded assembly
- Completed reload, in  0.734 seconds
Platform modules already initialized, skipping
Refreshing native plugins compatible for Editor in 0.18 ms, found 1 plugins.
Preloading 0 native plugins for Editor in 0.00 ms.
Unloading 1254 Unused Serialized files (Serialized files now loaded: 0)
System memory in use before: 125.0 MB.
System memory in use after: 125.0 MB.

Unloading 6 unused Assets to reduce memory usage. Loaded Objects now: 1753.
Total: 1.327738 ms (FindLiveObjects: 0.159078 ms CreateObjectMapping: 0.039710 ms MarkObjects: 1.093036 ms  DeleteObjects: 0.035078 ms)

========================================================================
Received Prepare
Registering precompiled user dll's ...
Registered in 0.000298 seconds.
Begin MonoManager ReloadAssembly
Native extension for OSXStandalone target not found
Native extension for WebGL target not found
Refreshing native plugins compatible for Editor in 0.18 ms, found 1 plugins.
Preloading 0 native plugins for Editor in 0.00 ms.
Invoked RoslynAnalysisRunner static constructor.
RoslynAnalysisRunner will not be running.
RoslynAnalysisRunner has terminated.
Mono: successfully reloaded assembly
- Completed reload, in  0.730 seconds
Platform modules already initialized, skipping
Refreshing native plugins compatible for Editor in 0.18 ms, found 1 plugins.
Preloading 0 native plugins for Editor in 0.00 ms.
Unloading 1254 Unused Serialized files (Serialized files now loaded: 0)
System memory in use before: 125.2 MB.
System memory in use after: 125.3 MB.

Unloading 6 unused Assets to reduce memory usage. Loaded Objects now: 1756.
Total: 1.983580 ms (FindLiveObjects: 0.192087 ms CreateObjectMapping: 0.058632 ms MarkObjects: 1.686484 ms  DeleteObjects: 0.045159 ms)

========================================================================
Received Prepare
Registering precompiled user dll's ...
Registered in 0.000533 seconds.
Begin MonoManager ReloadAssembly
Native extension for OSXStandalone target not found
Native extension for WebGL target not found
Refreshing native plugins compatible for Editor in 0.18 ms, found 1 plugins.
Preloading 0 native plugins for Editor in 0.00 ms.
Invoked RoslynAnalysisRunner static constructor.
RoslynAnalysisRunner will not be running.
RoslynAnalysisRunner has terminated.
Mono: successfully reloaded assembly
- Completed reload, in  0.737 seconds
Platform modules already initialized, skipping
Refreshing native plugins compatible for Editor in 0.20 ms, found 1 plugins.
Preloading 0 native plugins for Editor in 0.00 ms.
Unloading 1254 Unused Serialized files (Serialized files now loaded: 0)
System memory in use before: 125.4 MB.
System memory in use after: 125.5 MB.

Unloading 6 unused Assets to reduce memory usage. Loaded Objects now: 1759.
Total: 1.445159 ms (FindLiveObjects: 0.172668 ms CreateObjectMapping: 0.044449 ms MarkObjects: 1.189079 ms  DeleteObjects: 0.037926 ms)

========================================================================
Received Prepare
Registering precompiled user dll's ...
Registered in 0.000268 seconds.
Begin MonoManager ReloadAssembly
Native extension for OSXStandalone target not found
Native extension for WebGL target not found
Refreshing native plugins compatible for Editor in 0.18 ms, found 1 plugins.
Preloading 0 native plugins for Editor in 0.00 ms.
Invoked RoslynAnalysisRunner static constructor.
RoslynAnalysisRunner will not be running.
RoslynAnalysisRunner has terminated.
Mono: successfully reloaded assembly
- Completed reload, in  0.725 seconds
Platform modules already initialized, skipping
Refreshing native plugins compatible for Editor in 0.18 ms, found 1 plugins.
Preloading 0 native plugins for Editor in 0.00 ms.
Unloading 1254 Unused Serialized files (Serialized files now loaded: 0)
System memory in use before: 125.6 MB.
System memory in use after: 125.6 MB.

Unloading 6 unused Assets to reduce memory usage. Loaded Objects now: 1762.
Total: 1.897293 ms (FindLiveObjects: 0.209660 ms CreateObjectMapping: 0.101394 ms MarkObjects: 1.538004 ms  DeleteObjects: 0.046846 ms)

========================================================================
Received Prepare
Registering precompiled user dll's ...
Registered in 0.000285 seconds.
Begin MonoManager ReloadAssembly
Native extension for OSXStandalone target not found
Native extension for WebGL target not found
Refreshing native plugins compatible for Editor in 0.18 ms, found 1 plugins.
Preloading 0 native plugins for Editor in 0.00 ms.
Invoked RoslynAnalysisRunner static constructor.
RoslynAnalysisRunner will not be running.
RoslynAnalysisRunner has terminated.
Mono: successfully reloaded assembly
- Completed reload, in  0.746 seconds
Platform modules already initialized, skipping
Refreshing native plugins compatible for Editor in 0.18 ms, found 1 plugins.
Preloading 0 native plugins for Editor in 0.00 ms.
Unloading 1254 Unused Serialized files (Serialized files now loaded: 0)
System memory in use before: 125.7 MB.
System memory in use after: 125.8 MB.

Unloading 6 unused Assets to reduce memory usage. Loaded Objects now: 1765.
Total: 1.338809 ms (FindLiveObjects: 0.130912 ms CreateObjectMapping: 0.034415 ms MarkObjects: 1.137786 ms  DeleteObjects: 0.034441 ms)

========================================================================
Received Prepare
Registering precompiled user dll's ...
Registered in 0.000289 seconds.
Begin MonoManager ReloadAssembly
Native extension for OSXStandalone target not found
Native extension for WebGL target not found
Refreshing native plugins compatible for Editor in 0.20 ms, found 1 plugins.
Preloading 0 native plugins for Editor in 0.00 ms.
Invoked RoslynAnalysisRunner static constructor.
RoslynAnalysisRunner will not be running.
RoslynAnalysisRunner has terminated.
Mono: successfully reloaded assembly
- Completed reload, in  0.741 seconds
Platform modules already initialized, skipping
Refreshing native plugins compatible for Editor in 0.26 ms, found 1 plugins.
Preloading 0 native plugins for Editor in 0.00 ms.
Unloading 1254 Unused Serialized files (Serialized files now loaded: 0)
System memory in use before: 125.9 MB.
System memory in use after: 126.0 MB.

Unloading 6 unused Assets to reduce memory usage. Loaded Objects now: 1768.
Total: 1.266817 ms (FindLiveObjects: 0.153136 ms CreateObjectMapping: 0.032890 ms MarkObjects: 1.044658 ms  DeleteObjects: 0.034990 ms)

========================================================================
Received Prepare
Registering precompiled user dll's ...
Registered in 0.000288 seconds.
Begin MonoManager ReloadAssembly
Native extension for OSXStandalone target not found
Native extension for WebGL target not found
Refreshing native plugins compatible for Editor in 0.17 ms, found 1 plugins.
Preloading 0 native plugins for Editor in 0.00 ms.
Invoked RoslynAnalysisRunner static constructor.
RoslynAnalysisRunner will not be running.
RoslynAnalysisRunner has terminated.
Mono: successfully reloaded assembly
- Completed reload, in  0.745 seconds
Platform modules already initialized, skipping
Refreshing native plugins compatible for Editor in 0.18 ms, found 1 plugins.
Preloading 0 native plugins for Editor in 0.00 ms.
Unloading 1254 Unused Serialized files (Serialized files now loaded: 0)
System memory in use before: 126.1 MB.
System memory in use after: 126.2 MB.

Unloading 6 unused Assets to reduce memory usage. Loaded Objects now: 1771.
Total: 1.863464 ms (FindLiveObjects: 0.177340 ms CreateObjectMapping: 0.055515 ms MarkObjects: 1.577134 ms  DeleteObjects: 0.052537 ms)

========================================================================
Received Prepare
Registering precompiled user dll's ...
Registered in 0.000304 seconds.
Begin MonoManager ReloadAssembly
Native extension for OSXStandalone target not found
Native extension for WebGL target not found
Refreshing native plugins compatible for Editor in 0.21 ms, found 1 plugins.
Preloading 0 native plugins for Editor in 0.00 ms.
Invoked RoslynAnalysisRunner static constructor.
RoslynAnalysisRunner will not be running.
RoslynAnalysisRunner has terminated.
Mono: successfully reloaded assembly
- Completed reload, in  0.734 seconds
Platform modules already initialized, skipping
Refreshing native plugins compatible for Editor in 0.18 ms, found 1 plugins.
Preloading 0 native plugins for Editor in 0.00 ms.
Unloading 1254 Unused Serialized files (Serialized files now loaded: 0)
System memory in use before: 126.3 MB.
System memory in use after: 126.4 MB.

Unloading 6 unused Assets to reduce memory usage. Loaded Objects now: 1774.
Total: 1.305493 ms (FindLiveObjects: 0.145607 ms CreateObjectMapping: 0.039145 ms MarkObjects: 1.074363 ms  DeleteObjects: 0.045052 ms)

========================================================================
Received Prepare
Registering precompiled user dll's ...
Registered in 0.000261 seconds.
Begin MonoManager ReloadAssembly
Native extension for OSXStandalone target not found
Native extension for WebGL target not found
Refreshing native plugins compatible for Editor in 0.21 ms, found 1 plugins.
Preloading 0 native plugins for Editor in 0.00 ms.
Invoked RoslynAnalysisRunner static constructor.
RoslynAnalysisRunner will not be running.
RoslynAnalysisRunner has terminated.
Mono: successfully reloaded assembly
- Completed reload, in  0.723 seconds
Platform modules already initialized, skipping
Refreshing native plugins compatible for Editor in 0.18 ms, found 1 plugins.
Preloading 0 native plugins for Editor in 0.00 ms.
Unloading 1255 Unused Serialized files (Serialized files now loaded: 0)
System memory in use before: 126.5 MB.
System memory in use after: 126.6 MB.

Unloading 6 unused Assets to reduce memory usage. Loaded Objects now: 1778.
Total: 1.825960 ms (FindLiveObjects: 0.146048 ms CreateObjectMapping: 0.039898 ms MarkObjects: 1.585864 ms  DeleteObjects: 0.053273 ms)

========================================================================
Received Import Request.
  Time since last request: 1952.067197 seconds.
  path: Assets/ObjectHit.cs
  artifactKey: Guid(c8f6accf03bb743b4bd8154688eef42a) Importer(815301076,1909f56bfc062723c751e8b465ee728b)
Start importing Assets/ObjectHit.cs using Guid(c8f6accf03bb743b4bd8154688eef42a) Importer(815301076,1909f56bfc062723c751e8b465ee728b)  -> (artifact id: '1d5482f5186f3e46508d20cab81dd3bb') in 0.277654 seconds
  Import took 0.279571 seconds .

========================================================================
Received Prepare
Registering precompiled user dll's ...
Registered in 0.000284 seconds.
Begin MonoManager ReloadAssembly
Native extension for OSXStandalone target not found
Native extension for WebGL target not found
Refreshing native plugins compatible for Editor in 0.18 ms, found 1 plugins.
Preloading 0 native plugins for Editor in 0.00 ms.
Invoked RoslynAnalysisRunner static constructor.
RoslynAnalysisRunner will not be running.
RoslynAnalysisRunner has terminated.
Mono: successfully reloaded assembly
- Completed reload, in  0.737 seconds
Platform modules already initialized, skipping
Refreshing native plugins compatible for Editor in 0.18 ms, found 1 plugins.
Preloading 0 native plugins for Editor in 0.00 ms.
Unloading 1255 Unused Serialized files (Serialized files now loaded: 0)
System memory in use before: 131.0 MB.
System memory in use after: 131.1 MB.

Unloading 6 unused Assets to reduce memory usage. Loaded Objects now: 1781.
Total: 2.020888 ms (FindLiveObjects: 0.329552 ms CreateObjectMapping: 0.070592 ms MarkObjects: 1.575877 ms  DeleteObjects: 0.043500 ms)

========================================================================
Received Prepare
Registering precompiled user dll's ...
Registered in 0.000297 seconds.
Begin MonoManager ReloadAssembly
Native extension for OSXStandalone target not found
Native extension for WebGL target not found
Refreshing native plugins compatible for Editor in 0.23 ms, found 1 plugins.
Preloading 0 native plugins for Editor in 0.00 ms.
Invoked RoslynAnalysisRunner static constructor.
RoslynAnalysisRunner will not be running.
RoslynAnalysisRunner has terminated.
Mono: successfully reloaded assembly
- Completed reload, in  0.733 seconds
Platform modules already initialized, skipping
Refreshing native plugins compatible for Editor in 0.18 ms, found 1 plugins.
Preloading 0 native plugins for Editor in 0.00 ms.
Unloading 1255 Unused Serialized files (Serialized files now loaded: 0)
System memory in use before: 131.2 MB.
System memory in use after: 131.3 MB.

Unloading 6 unused Assets to reduce memory usage. Loaded Objects now: 1784.
Total: 1.343920 ms (FindLiveObjects: 0.152867 ms CreateObjectMapping: 0.038384 ms MarkObjects: 1.115302 ms  DeleteObjects: 0.036088 ms)

========================================================================
Received Import Request.
  Time since last request: 354.286057 seconds.
  path: Assets/ObjectHit.cs
  artifactKey: Guid(c8f6accf03bb743b4bd8154688eef42a) Importer(815301076,1909f56bfc062723c751e8b465ee728b)
Start importing Assets/ObjectHit.cs using Guid(c8f6accf03bb743b4bd8154688eef42a) Importer(815301076,1909f56bfc062723c751e8b465ee728b)  -> (artifact id: 'aaa871dcd0f0592382efcecc6099b1ac') in 0.003694 seconds
  Import took 0.006444 seconds .

========================================================================
Received Prepare
Registering precompiled user dll's ...
Registered in 0.000690 seconds.
Begin MonoManager ReloadAssembly
Native extension for OSXStandalone target not found
Native extension for WebGL target not found
Refreshing native plugins compatible for Editor in 0.18 ms, found 1 plugins.
Preloading 0 native plugins for Editor in 0.00 ms.
Invoked RoslynAnalysisRunner static constructor.
RoslynAnalysisRunner will not be running.
RoslynAnalysisRunner has terminated.
Mono: successfully reloaded assembly
- Completed reload, in  0.758 seconds
Platform modules already initialized, skipping
Refreshing native plugins compatible for Editor in 0.18 ms, found 1 plugins.
Preloading 0 native plugins for Editor in 0.00 ms.
Unloading 1255 Unused Serialized files (Serialized files now loaded: 0)
System memory in use before: 131.4 MB.
System memory in use after: 131.4 MB.

Unloading 6 unused Assets to reduce memory usage. Loaded Objects now: 1787.
Total: 1.844525 ms (FindLiveObjects: 0.291128 ms CreateObjectMapping: 0.082358 ms MarkObjects: 1.432381 ms  DeleteObjects: 0.037269 ms)

========================================================================
Received Prepare
Registering precompiled user dll's ...
Registered in 0.000322 seconds.
Begin MonoManager ReloadAssembly
Native extension for OSXStandalone target not found
Native extension for WebGL target not found
Refreshing native plugins compatible for Editor in 0.28 ms, found 1 plugins.
Preloading 0 native plugins for Editor in 0.00 ms.
Invoked RoslynAnalysisRunner static constructor.
RoslynAnalysisRunner will not be running.
RoslynAnalysisRunner has terminated.
Mono: successfully reloaded assembly
- Completed reload, in  0.739 seconds
Platform modules already initialized, skipping
Refreshing native plugins compatible for Editor in 0.22 ms, found 1 plugins.
Preloading 0 native plugins for Editor in 0.00 ms.
Unloading 1255 Unused Serialized files (Serialized files now loaded: 0)
System memory in use before: 131.5 MB.
System memory in use after: 131.6 MB.

Unloading 6 unused Assets to reduce memory usage. Loaded Objects now: 1790.
Total: 1.675991 ms (FindLiveObjects: 0.156841 ms CreateObjectMapping: 0.045111 ms MarkObjects: 1.428513 ms  DeleteObjects: 0.044522 ms)

========================================================================
Received Prepare
Registering precompiled user dll's ...
Registered in 0.000305 seconds.
Begin MonoManager ReloadAssembly
Native extension for OSXStandalone target not found
Native extension for WebGL target not found
Refreshing native plugins compatible for Editor in 0.18 ms, found 1 plugins.
Preloading 0 native plugins for Editor in 0.00 ms.
Invoked RoslynAnalysisRunner static constructor.
RoslynAnalysisRunner will not be running.
RoslynAnalysisRunner has terminated.
Mono: successfully reloaded assembly
- Completed reload, in  0.734 seconds
Platform modules already initialized, skipping
Refreshing native plugins compatible for Editor in 0.18 ms, found 1 plugins.
Preloading 0 native plugins for Editor in 0.00 ms.
Unloading 1256 Unused Serialized files (Serialized files now loaded: 0)
System memory in use before: 131.8 MB.
System memory in use after: 131.8 MB.

Unloading 6 unused Assets to reduce memory usage. Loaded Objects now: 1794.
Total: 1.320125 ms (FindLiveObjects: 0.144214 ms CreateObjectMapping: 0.034965 ms MarkObjects: 1.102694 ms  DeleteObjects: 0.037180 ms)

========================================================================
Received Import Request.
  Time since last request: 770.104747 seconds.
  path: Assets/Scorer.cs
  artifactKey: Guid(671943df83bb54c02a3d696935fdb627) Importer(815301076,1909f56bfc062723c751e8b465ee728b)
Start importing Assets/Scorer.cs using Guid(671943df83bb54c02a3d696935fdb627) Importer(815301076,1909f56bfc062723c751e8b465ee728b)  -> (artifact id: 'b357d4ebe7ea0c738261580a514bf8e0') in 0.004300 seconds
  Import took 0.006232 seconds .

========================================================================
Received Prepare
Registering precompiled user dll's ...
Registered in 0.000328 seconds.
Begin MonoManager ReloadAssembly
Native extension for OSXStandalone target not found
Native extension for WebGL target not found
Refreshing native plugins compatible for Editor in 0.17 ms, found 1 plugins.
Preloading 0 native plugins for Editor in 0.00 ms.
Invoked RoslynAnalysisRunner static constructor.
RoslynAnalysisRunner will not be running.
RoslynAnalysisRunner has terminated.
Mono: successfully reloaded assembly
- Completed reload, in  0.737 seconds
Platform modules already initialized, skipping
Refreshing native plugins compatible for Editor in 0.21 ms, found 1 plugins.
Preloading 0 native plugins for Editor in 0.00 ms.
Unloading 1256 Unused Serialized files (Serialized files now loaded: 0)
System memory in use before: 131.9 MB.
System memory in use after: 132.0 MB.

Unloading 6 unused Assets to reduce memory usage. Loaded Objects now: 1797.
Total: 2.390131 ms (FindLiveObjects: 0.258215 ms CreateObjectMapping: 0.060934 ms MarkObjects: 2.025341 ms  DeleteObjects: 0.044152 ms)

========================================================================
Received Import Request.
  Time since last request: 99.503833 seconds.
  path: Assets/Scorer.cs
  artifactKey: Guid(671943df83bb54c02a3d696935fdb627) Importer(815301076,1909f56bfc062723c751e8b465ee728b)
Start importing Assets/Scorer.cs using Guid(671943df83bb54c02a3d696935fdb627) Importer(815301076,1909f56bfc062723c751e8b465ee728b)  -> (artifact id: '0746485a0660fb5d0557d1dffc263e23') in 0.003551 seconds
  Import took 0.005555 seconds .

========================================================================
Received Prepare
Registering precompiled user dll's ...
Registered in 0.000273 seconds.
Begin MonoManager ReloadAssembly
Native extension for OSXStandalone target not found
Native extension for WebGL target not found
Refreshing native plugins compatible for Editor in 0.18 ms, found 1 plugins.
Preloading 0 native plugins for Editor in 0.00 ms.
Invoked RoslynAnalysisRunner static constructor.
RoslynAnalysisRunner will not be running.
RoslynAnalysisRunner has terminated.
Mono: successfully reloaded assembly
- Completed reload, in  0.725 seconds
Platform modules already initialized, skipping
Refreshing native plugins compatible for Editor in 0.18 ms, found 1 plugins.
Preloading 0 native plugins for Editor in 0.00 ms.
Unloading 1256 Unused Serialized files (Serialized files now loaded: 0)
System memory in use before: 132.1 MB.
System memory in use after: 132.2 MB.

Unloading 6 unused Assets to reduce memory usage. Loaded Objects now: 1800.
Total: 2.230026 ms (FindLiveObjects: 0.248267 ms CreateObjectMapping: 0.073448 ms MarkObjects: 1.863189 ms  DeleteObjects: 0.043867 ms)

========================================================================
Received Import Request.
  Time since last request: 21.748338 seconds.
  path: Assets/Scorer.cs
  artifactKey: Guid(671943df83bb54c02a3d696935fdb627) Importer(815301076,1909f56bfc062723c751e8b465ee728b)
Start importing Assets/Scorer.cs using Guid(671943df83bb54c02a3d696935fdb627) Importer(815301076,1909f56bfc062723c751e8b465ee728b)  -> (artifact id: '5cc522b91b0048fe971ef2c62eb9115f') in 0.003574 seconds
  Import took 0.005859 seconds .

========================================================================
Received Import Request.
  Time since last request: 83.646630 seconds.
  path: Assets/Scorer.cs
  artifactKey: Guid(671943df83bb54c02a3d696935fdb627) Importer(815301076,1909f56bfc062723c751e8b465ee728b)
Start importing Assets/Scorer.cs using Guid(671943df83bb54c02a3d696935fdb627) Importer(815301076,1909f56bfc062723c751e8b465ee728b)  -> (artifact id: '7c2fdb579c89b0b7a03f3c94d4ebdcd8') in 0.001383 seconds
  Import took 0.003016 seconds .

========================================================================
Received Prepare
Registering precompiled user dll's ...
Registered in 0.000288 seconds.
Begin MonoManager ReloadAssembly
Native extension for OSXStandalone target not found
Native extension for WebGL target not found
Refreshing native plugins compatible for Editor in 0.20 ms, found 1 plugins.
Preloading 0 native plugins for Editor in 0.00 ms.
Invoked RoslynAnalysisRunner static constructor.
RoslynAnalysisRunner will not be running.
RoslynAnalysisRunner has terminated.
Mono: successfully reloaded assembly
- Completed reload, in  0.733 seconds
Platform modules already initialized, skipping
Refreshing native plugins compatible for Editor in 0.18 ms, found 1 plugins.
Preloading 0 native plugins for Editor in 0.00 ms.
Unloading 1256 Unused Serialized files (Serialized files now loaded: 0)
System memory in use before: 132.3 MB.
System memory in use after: 132.4 MB.

Unloading 6 unused Assets to reduce memory usage. Loaded Objects now: 1803.
Total: 2.211891 ms (FindLiveObjects: 0.216638 ms CreateObjectMapping: 0.060635 ms MarkObjects: 1.891413 ms  DeleteObjects: 0.041968 ms)

========================================================================
Received Import Request.
  Time since last request: 11.248101 seconds.
  path: Assets/Scorer.cs
  artifactKey: Guid(671943df83bb54c02a3d696935fdb627) Importer(815301076,1909f56bfc062723c751e8b465ee728b)
Start importing Assets/Scorer.cs using Guid(671943df83bb54c02a3d696935fdb627) Importer(815301076,1909f56bfc062723c751e8b465ee728b)  -> (artifact id: 'd6686d47d12c672e64aa8cc6dbf8002f') in 0.003661 seconds
  Import took 0.006167 seconds .

========================================================================
Received Prepare
Registering precompiled user dll's ...
Registered in 0.000599 seconds.
Begin MonoManager ReloadAssembly
Native extension for OSXStandalone target not found
Native extension for WebGL target not found
Refreshing native plugins compatible for Editor in 0.18 ms, found 1 plugins.
Preloading 0 native plugins for Editor in 0.00 ms.
Invoked RoslynAnalysisRunner static constructor.
RoslynAnalysisRunner will not be running.
RoslynAnalysisRunner has terminated.
Mono: successfully reloaded assembly
- Completed reload, in  0.733 seconds
Platform modules already initialized, skipping
Refreshing native plugins compatible for Editor in 0.18 ms, found 1 plugins.
Preloading 0 native plugins for Editor in 0.00 ms.
Unloading 1256 Unused Serialized files (Serialized files now loaded: 0)
System memory in use before: 132.5 MB.
System memory in use after: 132.5 MB.

Unloading 6 unused Assets to reduce memory usage. Loaded Objects now: 1806.
Total: 1.583384 ms (FindLiveObjects: 0.306832 ms CreateObjectMapping: 0.078725 ms MarkObjects: 1.156588 ms  DeleteObjects: 0.039187 ms)

========================================================================
Received Prepare
Registering precompiled user dll's ...
Registered in 0.000308 seconds.
Begin MonoManager ReloadAssembly
Native extension for OSXStandalone target not found
Native extension for WebGL target not found
Refreshing native plugins compatible for Editor in 0.18 ms, found 1 plugins.
Preloading 0 native plugins for Editor in 0.00 ms.
Invoked RoslynAnalysisRunner static constructor.
RoslynAnalysisRunner will not be running.
RoslynAnalysisRunner has terminated.
Mono: successfully reloaded assembly
- Completed reload, in  0.744 seconds
Platform modules already initialized, skipping
Refreshing native plugins compatible for Editor in 0.18 ms, found 1 plugins.
Preloading 0 native plugins for Editor in 0.00 ms.
Unloading 1256 Unused Serialized files (Serialized files now loaded: 0)
System memory in use before: 132.7 MB.
System memory in use after: 132.7 MB.

Unloading 6 unused Assets to reduce memory usage. Loaded Objects now: 1809.
Total: 1.998527 ms (FindLiveObjects: 0.217315 ms CreateObjectMapping: 0.065046 ms MarkObjects: 1.666335 ms  DeleteObjects: 0.048242 ms)

========================================================================
Received Import Request.
  Time since last request: 269.253320 seconds.
  path: Assets/Scripts
  artifactKey: Guid(3d93b982f0d9d40b8ba9f71581185ab8) Importer(815301076,1909f56bfc062723c751e8b465ee728b)
Start importing Assets/Scripts using Guid(3d93b982f0d9d40b8ba9f71581185ab8) Importer(815301076,1909f56bfc062723c751e8b465ee728b)  -> (artifact id: '9408e2d25577b4766484440e0c729c6f') in 0.003469 seconds
  Import took 0.005583 seconds .

========================================================================
Received Import Request.
  Time since last request: 1.541923 seconds.
  path: Assets/Mover.cs
  artifactKey: Guid(4b80dd6dcd03f4279871651ceefb3aa7) Importer(815301076,1909f56bfc062723c751e8b465ee728b)
Start importing Assets/Mover.cs using Guid(4b80dd6dcd03f4279871651ceefb3aa7) Importer(815301076,1909f56bfc062723c751e8b465ee728b)  -> (artifact id: 'be4299ec7cab5c5cff3c33d58d663029') in 0.001348 seconds
  Import took 0.003215 seconds .

========================================================================
Received Import Request.
  Time since last request: 0.002000 seconds.
  path: Assets/Mover.cs
  artifactKey: Guid(4b80dd6dcd03f4279871651ceefb3aa7) Importer(815301076,1909f56bfc062723c751e8b465ee728b)
Start importing Assets/Mover.cs using Guid(4b80dd6dcd03f4279871651ceefb3aa7) Importer(815301076,1909f56bfc062723c751e8b465ee728b)  -> (artifact id: 'be4299ec7cab5c5cff3c33d58d663029') in 0.001224 seconds
  Import took 0.002870 seconds .

========================================================================
Received Prepare
Registering precompiled user dll's ...
Registered in 0.000296 seconds.
Begin MonoManager ReloadAssembly
Native extension for OSXStandalone target not found
Native extension for WebGL target not found
Refreshing native plugins compatible for Editor in 0.30 ms, found 1 plugins.
Preloading 0 native plugins for Editor in 0.00 ms.
Invoked RoslynAnalysisRunner static constructor.
RoslynAnalysisRunner will not be running.
RoslynAnalysisRunner has terminated.
Mono: successfully reloaded assembly
- Completed reload, in  0.736 seconds
Platform modules already initialized, skipping
Refreshing native plugins compatible for Editor in 0.18 ms, found 1 plugins.
Preloading 0 native plugins for Editor in 0.00 ms.
Unloading 1256 Unused Serialized files (Serialized files now loaded: 0)
System memory in use before: 132.8 MB.
System memory in use after: 132.9 MB.

Unloading 6 unused Assets to reduce memory usage. Loaded Objects now: 1812.
Total: 1.407435 ms (FindLiveObjects: 0.140815 ms CreateObjectMapping: 0.040111 ms MarkObjects: 1.191747 ms  DeleteObjects: 0.033914 ms)

========================================================================
Received Import Request.
  Time since last request: 15.227285 seconds.
  path: Assets/Materials
  artifactKey: Guid(5ac60154a902c4fd5abdbb263fbf1d39) Importer(815301076,1909f56bfc062723c751e8b465ee728b)
Start importing Assets/Materials using Guid(5ac60154a902c4fd5abdbb263fbf1d39) Importer(815301076,1909f56bfc062723c751e8b465ee728b)  -> (artifact id: '97be4a5e2aeafe2154d1b9b816fcc64c') in 0.004206 seconds
  Import took 0.006452 seconds .

========================================================================
Received Import Request.
  Time since last request: 17.968584 seconds.
  path: Assets/Scripts/Dropper.cs
  artifactKey: Guid(6c2f3a2af4eb9406c859105a432ba1c0) Importer(815301076,1909f56bfc062723c751e8b465ee728b)
Start importing Assets/Scripts/Dropper.cs using Guid(6c2f3a2af4eb9406c859105a432ba1c0) Importer(815301076,1909f56bfc062723c751e8b465ee728b)  -> (artifact id: 'aef17a32216188118dc5c2b26b97e0d2') in 0.027407 seconds
  Import took 0.029300 seconds .

========================================================================
Received Prepare
Registering precompiled user dll's ...
Registered in 0.000788 seconds.
Begin MonoManager ReloadAssembly
Native extension for OSXStandalone target not found
Native extension for WebGL target not found
Refreshing native plugins compatible for Editor in 0.21 ms, found 1 plugins.
Preloading 0 native plugins for Editor in 0.00 ms.
Invoked RoslynAnalysisRunner static constructor.
RoslynAnalysisRunner will not be running.
RoslynAnalysisRunner has terminated.
Mono: successfully reloaded assembly
- Completed reload, in  0.744 seconds
Platform modules already initialized, skipping
Refreshing native plugins compatible for Editor in 0.20 ms, found 1 plugins.
Preloading 0 native plugins for Editor in 0.00 ms.
Unloading 1257 Unused Serialized files (Serialized files now loaded: 0)
System memory in use before: 133.1 MB.
System memory in use after: 133.1 MB.

Unloading 6 unused Assets to reduce memory usage. Loaded Objects now: 1816.
Total: 2.281417 ms (FindLiveObjects: 0.204162 ms CreateObjectMapping: 0.064673 ms MarkObjects: 1.966075 ms  DeleteObjects: 0.045274 ms)

